2021-07-19 10:40:07,770 - Sunny - log1 critical outer b  .......
2021-07-19 10:40:07,770 - Sunny - log2 critical outer .......
log1 critical outer b  .......
log2 critical outer .......
log1 critical outer b  .......
log2 critical outer .......
2021-07-19 10:48:18,389 - Sunny - log1 critical outer b  .......
2021-07-19 10:48:18,389 - Sunny - log2 critical outer .......
2021-07-19 10:50:11,774 - Sunny - log1 critical outer b  .......
2021-07-19 10:50:11,774 - Sunny - log2 critical outer .......
2021-07-19 10:50:36,435 - Sunny - log1 critical outer b  .......
2021-07-19 10:50:36,436 - Sunny - log2 critical outer .......
2021-07-19 10:51:17,852 - Sunny - log1 critical outer b  .......
2021-07-19 10:51:17,852 - Sunny - log2 critical outer .......
2021-07-19 10:51:32,457 - Sunny - log1 critical outer b  .......
2021-07-19 10:51:32,458 - Sunny - log2 critical outer .......
2021-07-19 10:51:32,458 - Sunny - debug.....
2021-07-19 17:26:39,042 - Sunny - log1 critical outer b  .......
2021-07-19 17:26:39,042 - Sunny - log2 critical outer .......
2021-07-19 17:26:39,042 - Sunny - debug.....
2021-07-19 17:31:43,596 - Sunny - log1 critical outer b  .......
2021-07-19 17:31:43,596 - Sunny - log2 critical outer .......
2021-07-19 17:31:43,596 - Sunny - debug.....
